CRITICAL - 2023-04-09 06:03:00 --> Call to a member function get() on null
in APPPATH/Config/Routes.php on line 38.
 1 SYSTEMPATH/CodeIgniter.php(883): CodeIgniter\Router\RouteCollection->Config\{closure}()
 2 SYSTEMPATH/CodeIgniter.php(486): CodeIgniter\CodeIgniter->startController()
 3 SYSTEMPATH/CodeIgniter.php(368): CodeIgniter\CodeIgniter->handleRequest()
 4 FCPATH/index.php(66): CodeIgniter\CodeIgniter->run()
 5 SYSTEMPATH/Commands/Server/rewrite.php(47): require_once('/home/alexander/Documents/Repository Github/beban-pikiran/public/index.php')
CRITICAL - 2023-04-09 06:03:36 --> Call to a member function get() on null
in APPPATH/Config/Routes.php on line 38.
 1 SYSTEMPATH/CodeIgniter.php(883): CodeIgniter\Router\RouteCollection->Config\{closure}()
 2 SYSTEMPATH/CodeIgniter.php(486): CodeIgniter\CodeIgniter->startController()
 3 SYSTEMPATH/CodeIgniter.php(368): CodeIgniter\CodeIgniter->handleRequest()
 4 FCPATH/index.php(66): CodeIgniter\CodeIgniter->run()
 5 SYSTEMPATH/Commands/Server/rewrite.php(47): require_once('/home/alexander/Documents/Repository Github/beban-pikiran/public/index.php')
CRITICAL - 2023-04-09 06:03:37 --> Call to a member function get() on null
in APPPATH/Config/Routes.php on line 38.
 1 SYSTEMPATH/CodeIgniter.php(883): CodeIgniter\Router\RouteCollection->Config\{closure}()
 2 SYSTEMPATH/CodeIgniter.php(486): CodeIgniter\CodeIgniter->startController()
 3 SYSTEMPATH/CodeIgniter.php(368): CodeIgniter\CodeIgniter->handleRequest()
 4 FCPATH/index.php(66): CodeIgniter\CodeIgniter->run()
 5 SYSTEMPATH/Commands/Server/rewrite.php(47): require_once('/home/alexander/Documents/Repository Github/beban-pikiran/public/index.php')
CRITICAL - 2023-04-09 06:03:38 --> Call to a member function get() on null
in APPPATH/Config/Routes.php on line 38.
 1 SYSTEMPATH/CodeIgniter.php(883): CodeIgniter\Router\RouteCollection->Config\{closure}()
 2 SYSTEMPATH/CodeIgniter.php(486): CodeIgniter\CodeIgniter->startController()
 3 SYSTEMPATH/CodeIgniter.php(368): CodeIgniter\CodeIgniter->handleRequest()
 4 FCPATH/index.php(66): CodeIgniter\CodeIgniter->run()
 5 SYSTEMPATH/Commands/Server/rewrite.php(47): require_once('/home/alexander/Documents/Repository Github/beban-pikiran/public/index.php')
CRITICAL - 2023-04-09 06:03:38 --> Call to a member function get() on null
in APPPATH/Config/Routes.php on line 38.
 1 SYSTEMPATH/CodeIgniter.php(883): CodeIgniter\Router\RouteCollection->Config\{closure}()
 2 SYSTEMPATH/CodeIgniter.php(486): CodeIgniter\CodeIgniter->startController()
 3 SYSTEMPATH/CodeIgniter.php(368): CodeIgniter\CodeIgniter->handleRequest()
 4 FCPATH/index.php(66): CodeIgniter\CodeIgniter->run()
 5 SYSTEMPATH/Commands/Server/rewrite.php(47): require_once('/home/alexander/Documents/Repository Github/beban-pikiran/public/index.php')
CRITICAL - 2023-04-09 06:10:41 --> Too few arguments to function App\Controllers\Coba::index(), 0 passed in /home/alexander/Documents/Repository Github/beban-pikiran/vendor/codeigniter4/framework/system/CodeIgniter.php on line 934 and exactly 2 expected
in APPPATH/Controllers/Coba.php on line 7.
 1 SYSTEMPATH/CodeIgniter.php(934): App\Controllers\Coba->index()
 2 SYSTEMPATH/CodeIgniter.php(499): CodeIgniter\CodeIgniter->runController()
 3 SYSTEMPATH/CodeIgniter.php(368): CodeIgniter\CodeIgniter->handleRequest()
 4 FCPATH/index.php(66): CodeIgniter\CodeIgniter->run()
 5 SYSTEMPATH/Commands/Server/rewrite.php(47): require_once('/home/alexander/Documents/Repository Github/beban-pikiran/public/index.php')
CRITICAL - 2023-04-09 06:20:04 --> Too few arguments to function App\Controllers\Coba::index(), 0 passed in /home/alexander/Documents/Repository Github/beban-pikiran/vendor/codeigniter4/framework/system/CodeIgniter.php on line 934 and exactly 2 expected
in APPPATH/Controllers/Coba.php on line 7.
 1 SYSTEMPATH/CodeIgniter.php(934): App\Controllers\Coba->index()
 2 SYSTEMPATH/CodeIgniter.php(499): CodeIgniter\CodeIgniter->runController()
 3 SYSTEMPATH/CodeIgniter.php(368): CodeIgniter\CodeIgniter->handleRequest()
 4 FCPATH/index.php(66): CodeIgniter\CodeIgniter->run()
 5 SYSTEMPATH/Commands/Server/rewrite.php(47): require_once('/home/alexander/Documents/Repository Github/beban-pikiran/public/index.php')
